2016-07-04 15:47:08,742 - INFO - tom 尝试登录FTP服务器失败,用户名或者密码不匹配
2016-07-04 16:01:48,811 - INFO - tom 登录FTP服务器成功
2016-07-04 16:04:06,215 - INFO - tom 尝试登录FTP服务器失败,用户名或者密码不匹配
2016-07-04 16:04:12,608 - INFO - jerry 尝试登录FTP服务器失败,用户名或者密码不匹配
2016-07-04 16:04:15,454 - INFO - jerry 登录FTP服务器成功
2016-07-04 16:04:23,290 - INFO - tom 登录FTP服务器成功
2016-07-04 16:14:44,157 - INFO - jerry 登录FTP服务器成功
2016-07-04 16:14:51,175 - INFO - tom 登录FTP服务器成功
2016-07-04 16:40:19,222 - INFO - tom 登录FTP服务器成功
2016-07-04 16:41:00,592 - INFO - jerry 尝试登录FTP服务器失败,用户名或者密码不匹配
2016-07-04 17:44:28,091 - INFO - tom 登录FTP服务器成功
2016-07-04 17:44:48,621 - INFO - tom 已经登录FTP, 拒绝重复登录
2016-07-04 17:44:55,292 - INFO - jerry 登录FTP服务器成功
2016-07-04 17:48:16,864 - INFO - tom 已经登录FTP, 拒绝重复登录
2016-07-04 17:48:19,612 - INFO - jerry 已经登录FTP, 拒绝重复登录
2016-07-04 17:49:21,015 - INFO - tom 登录FTP服务器成功
2016-07-04 17:49:59,541 - INFO - tom 已经登录FTP, 拒绝重复登录
2016-07-04 17:50:02,101 - INFO - jerry 登录FTP服务器成功
2016-07-04 17:50:59,187 - INFO - jerry 已经登录FTP, 拒绝重复登录
2016-07-04 17:51:02,052 - INFO - tom 已经登录FTP, 拒绝重复登录
2016-07-04 17:52:24,759 - INFO - tom 登录FTP服务器成功
2016-07-04 17:53:20,792 - INFO - tom 登录FTP服务器成功
2016-07-04 17:56:23,838 - INFO - tom 登录FTP服务器成功
2016-07-04 17:56:25,795 - INFO - [ %s ] 退出登录
2016-07-04 17:58:06,298 - INFO - tom 登录FTP服务器成功
2016-07-04 17:58:20,157 - INFO - [ %s ] 退出登录
2016-07-04 18:00:33,131 - INFO - TOM 用户名不存在!
2016-07-04 18:00:35,050 - INFO - tom 登录FTP服务器成功
2016-07-04 18:00:43,858 - INFO - jerry 登录FTP服务器成功
2016-07-04 18:00:51,294 - INFO - [ %s ] 退出登录
2016-07-04 18:00:57,841 - INFO - [ %s ] 退出登录
2016-07-04 23:06:14,299 - INFO - TOM 用户名不存在!
2016-07-04 23:06:16,092 - INFO - tom 登录FTP服务器成功
2016-07-04 23:09:36,789 - INFO - tom 登录FTP服务器成功
2016-07-04 23:09:41,062 - INFO - [ %s ] 退出登录
2016-07-04 23:12:49,490 - INFO - tom 登录FTP服务器成功
2016-07-04 23:12:53,492 - INFO - [ %s ] 退出登录
2016-07-04 23:14:30,298 - INFO - tom 已经登录FTP, 拒绝重复登录
2016-07-04 23:21:09,881 - INFO - tom 登录FTP服务器成功
2016-07-04 23:21:45,745 - INFO - tom 已经登录FTP, 拒绝重复登录
2016-07-04 23:21:50,311 - INFO - jerry 登录FTP服务器成功
2016-07-04 23:21:51,790 - INFO - [ %s ] 退出登录
2016-07-04 23:29:16,144 - INFO - tom 登录FTP服务器成功
2016-07-04 23:29:23,944 - INFO - [ %s ] 退出登录
2016-07-04 23:30:53,138 - INFO - tom 登录FTP服务器成功
2016-07-04 23:31:00,802 - INFO - [ %s ] 退出登录
2016-07-04 23:32:47,774 - INFO - tom 登录FTP服务器成功
2016-07-04 23:32:51,807 - INFO - [ tom ] 退出登录
2016-07-04 23:36:01,582 - INFO - tom 登录FTP服务器成功
2016-07-04 23:36:05,102 - INFO - [ tom ] 退出登录
2016-07-04 23:38:12,680 - INFO - tom 登录FTP服务器成功
2016-07-04 23:39:55,007 - INFO - tom 登录FTP服务器成功
2016-07-04 23:39:57,023 - INFO - [ tom ] 退出登录
2016-07-04 23:41:22,815 - INFO - tom 登录FTP服务器成功
2016-07-04 23:41:24,128 - INFO - [ tom ] 退出登录
2016-07-05 10:21:09,065 - INFO - tom 登录FTP服务器成功
2016-07-05 10:23:25,372 - INFO - tom 登录FTP服务器成功
2016-07-05 10:26:57,786 - INFO - [ tom ] 退出登录
2016-07-05 21:55:01,152 - INFO - tom 登录FTP服务器成功
2016-07-05 22:02:05,275 - INFO - tom 登录FTP服务器成功
2016-07-05 22:02:47,983 - INFO - tom 已经登录FTP, 拒绝重复登录
2016-07-05 22:02:50,639 - INFO - jerry 登录FTP服务器成功
2016-07-05 22:03:36,756 - INFO - tom 已经登录FTP, 拒绝重复登录
2016-07-05 22:04:15,629 - INFO - tom 登录FTP服务器成功
2016-07-05 22:13:08,107 - INFO - tom 登录FTP服务器成功
2016-07-05 22:14:15,107 - INFO - [ tom ] 退出登录
2016-07-05 22:14:20,798 - INFO - tom 登录FTP服务器成功
2016-07-05 22:15:00,361 - INFO - [ tom ] 退出登录
2016-07-05 22:15:03,728 - INFO - tom 登录FTP服务器成功
2016-07-05 22:17:43,045 - INFO - tom 登录FTP服务器成功
2016-07-05 22:19:53,895 - INFO - tom 登录FTP服务器成功
2016-07-06 10:14:15,408 - INFO - tom 登录FTP服务器成功
2016-07-06 10:20:32,914 - INFO - tom 登录FTP服务器成功
2016-07-06 13:02:51,978 - INFO - tom 登录FTP服务器成功
2016-07-06 13:02:52,820 - INFO - [ tom ] 退出登录
2016-07-06 13:02:57,445 - INFO - tom 登录FTP服务器成功
2016-07-06 13:12:49,934 - INFO - tom 登录FTP服务器成功
2016-07-06 13:13:23,083 - INFO - [ tom ] 退出登录
2016-07-06 13:13:25,945 - INFO - tom 登录FTP服务器成功
2016-07-06 13:13:39,966 - INFO - [ tom ] 退出登录
2016-07-06 13:13:43,288 - INFO - tom 登录FTP服务器成功
2016-07-06 13:15:56,247 - INFO - tom 登录FTP服务器成功
2016-07-06 13:18:38,789 - INFO - tom 登录FTP服务器成功
2016-07-06 13:22:10,975 - INFO - tom 登录FTP服务器成功
2016-07-06 13:22:52,231 - INFO - tom 登录FTP服务器成功
2016-07-06 13:24:26,527 - INFO - tom 登录FTP服务器成功
2016-07-06 13:25:42,857 - INFO - [ tom ] 退出登录
2016-07-06 13:27:39,074 - INFO - tom 登录FTP服务器成功
2016-07-06 13:33:15,092 - INFO - tom 登录FTP服务器成功
2016-07-06 13:37:06,820 - INFO - tom 登录FTP服务器成功
2016-07-06 13:51:05,364 - INFO - tom 登录FTP服务器成功
2016-07-06 14:48:51,157 - INFO - tom 登录FTP服务器成功
2016-07-06 15:31:59,940 - INFO - tom 登录FTP服务器成功
2016-07-06 15:35:08,577 - INFO - tom 登录FTP服务器成功
2016-07-06 15:39:18,281 - INFO - tom 登录FTP服务器成功
2016-07-06 16:54:43,233 - INFO - [ tom ] 退出登录
2016-07-06 16:55:26,907 - INFO - tom 登录FTP服务器成功
2016-07-06 16:57:17,342 - INFO - tom 登录FTP服务器成功
2016-07-06 17:03:50,620 - INFO - tom 登录FTP服务器成功
2016-07-06 17:07:06,052 - INFO - tom 登录FTP服务器成功
2016-07-06 17:08:16,182 - INFO - tom 登录FTP服务器成功
2016-07-06 17:35:39,117 - INFO - tom 登录FTP服务器成功
2016-07-06 17:35:58,993 - INFO - [ tom ] 退出登录
2016-07-06 17:37:40,897 - INFO - tom 登录FTP服务器成功
2016-07-06 17:37:50,519 - INFO - tom 成功上传了文件 zhoulibo.mp4
2016-07-06 17:37:57,030 - INFO - [ tom ] 退出登录
2016-07-06 18:00:42,564 - INFO - tom 登录FTP服务器成功
2016-07-06 18:00:49,920 - INFO - jerry 登录FTP服务器成功
2016-07-06 18:01:07,433 - INFO - jerry 成功上传了文件 zhoulibo.mp4
2016-07-06 18:01:58,015 - INFO - tom 成功上传了文件 kaike.mp4
2016-07-06 18:04:11,078 - INFO - [ jerry ] 退出登录
2016-07-06 18:26:20,540 - INFO - [ tom ] 退出登录
2016-07-06 18:27:07,762 - INFO - tom 登录FTP服务器成功
2016-07-06 18:30:18,853 - INFO - [ tom ] 退出登录
2016-07-06 18:30:21,906 - INFO - tom 登录FTP服务器成功
2016-07-06 18:35:43,138 - INFO - [ tom ] 退出登录
2016-07-06 18:36:07,032 - INFO - tom 登录FTP服务器成功
2016-07-06 22:32:21,594 - INFO - tom 登录FTP服务器成功
2016-07-06 22:34:26,679 - INFO - [ tom ] 退出登录
2016-07-06 22:34:30,346 - INFO - tom 登录FTP服务器成功
2016-07-06 22:35:10,532 - INFO - [ tom ] 退出登录
2016-07-06 22:35:14,325 - INFO - tom 登录FTP服务器成功
2016-07-06 22:38:58,488 - INFO - [ tom ] 退出登录
2016-07-06 22:39:01,302 - INFO - tom 登录FTP服务器成功
2016-07-06 22:39:48,209 - INFO - jerry 登录FTP服务器成功
2016-07-06 22:40:36,566 - INFO - [ jerry ] 退出登录
2016-07-06 22:40:40,103 - INFO - jerry 登录FTP服务器成功
2016-07-06 22:41:10,225 - INFO - [ jerry ] 退出登录
2016-07-06 22:41:16,653 - INFO - jerry 登录FTP服务器成功
2016-07-06 22:42:59,112 - INFO - tom 登录FTP服务器成功
2016-07-06 22:44:29,291 - INFO - tom 登录FTP服务器成功
2016-07-06 22:44:55,885 - INFO - tom 登录FTP服务器成功
2016-07-06 22:46:00,903 - INFO - jerry 登录FTP服务器成功
2016-07-06 22:47:11,456 - INFO - tom 登录FTP服务器成功
2016-07-06 22:48:38,094 - INFO - tom 登录FTP服务器成功
2016-07-06 22:52:51,993 - INFO - tom 登录FTP服务器成功
2016-07-06 23:00:23,359 - INFO - tom 登录FTP服务器成功
2016-07-06 23:04:30,444 - INFO - tom 登录FTP服务器成功
2016-07-06 23:06:02,979 - INFO - tom 登录FTP服务器成功
2016-07-06 23:08:30,036 - INFO - [ tom ] 退出登录
2016-07-06 23:08:36,263 - INFO - tom 登录FTP服务器成功
2016-07-06 23:09:27,078 - INFO - tom 登录FTP服务器成功
2016-07-06 23:10:15,021 - INFO - tom 登录FTP服务器成功
2016-07-06 23:10:57,383 - INFO - tom 登录FTP服务器成功
2016-07-06 23:11:37,994 - INFO - tom 登录FTP服务器成功
2016-07-06 23:12:01,149 - INFO - tom 登录FTP服务器成功
2016-07-06 23:12:45,926 - INFO - tom 登录FTP服务器成功
2016-07-06 23:21:32,782 - INFO - tom 登录FTP服务器成功
2016-07-06 23:25:43,558 - INFO - tom 登录FTP服务器成功
2016-07-06 23:26:43,637 - INFO - tom 登录FTP服务器成功
2016-07-06 23:27:18,490 - INFO - tom 已经登录FTP, 拒绝重复登录
2016-07-06 23:27:21,698 - INFO - jerry 登录FTP服务器成功
2016-07-06 23:28:46,397 - INFO - tom 登录FTP服务器成功
2016-07-06 23:30:29,616 - INFO - tom 登录FTP服务器成功
2016-07-06 23:32:08,106 - INFO - tom 登录FTP服务器成功
2016-07-06 23:33:41,598 - INFO - tom 登录FTP服务器成功
2016-07-06 23:34:13,365 - INFO - [ tom ] 退出登录
2016-07-06 23:34:18,986 - INFO - tom 登录FTP服务器成功
2016-07-06 23:35:03,399 - INFO - jerry 登录FTP服务器成功
2016-07-06 23:35:52,746 - INFO - tom 登录FTP服务器成功
2016-07-06 23:38:01,452 - INFO - tom 登录FTP服务器成功
2016-07-06 23:39:04,507 - INFO - tom 登录FTP服务器成功
2016-07-06 23:40:20,377 - INFO - tom 登录FTP服务器成功
2016-07-06 23:41:09,873 - INFO - jerry 登录FTP服务器成功
2016-07-06 23:41:14,773 - INFO - [ jerry ] 退出登录
2016-07-06 23:42:11,769 - INFO - tom 登录FTP服务器成功
2016-07-06 23:44:11,991 - INFO - jerry 登录FTP服务器成功
2016-07-06 23:44:31,365 - INFO - [ jerry ] 退出登录
2016-07-06 23:44:36,982 - INFO - tom 已经登录FTP, 拒绝重复登录
2016-07-06 23:45:49,132 - INFO - tom 登录FTP服务器成功
2016-07-06 23:49:43,322 - INFO - tom 登录FTP服务器成功
2016-07-06 23:50:46,021 - INFO - tom 登录FTP服务器成功
2016-07-06 23:50:59,683 - INFO - [ tom ] 退出登录
2016-07-06 23:51:36,141 - INFO - tom 登录FTP服务器成功
2016-07-06 23:51:51,277 - INFO - [ tom ] 退出登录
2016-07-06 23:52:26,054 - INFO - tom 登录FTP服务器成功
2016-07-07 11:43:45,832 - INFO - tom 登录FTP服务器成功
2016-07-07 11:45:14,641 - INFO - [ tom ] 退出登录
2016-07-07 11:45:54,666 - INFO - tom 登录FTP服务器成功
2016-07-07 11:59:41,813 - INFO - tom 已经登录FTP, 拒绝重复登录
2016-07-07 11:59:44,183 - INFO - jerry 登录FTP服务器成功
2016-07-07 15:38:25,615 - INFO - [ jerry ] 退出登录
2016-07-07 15:39:02,046 - INFO - tom 登录FTP服务器成功
2016-07-07 15:39:55,498 - INFO - tom 已经登录FTP, 拒绝重复登录
2016-07-07 15:39:58,818 - INFO - jerry 登录FTP服务器成功
2016-07-07 15:45:08,944 - INFO - tom 登录FTP服务器成功
2016-07-07 15:45:27,844 - INFO - [ tom ] 退出登录
2016-07-07 15:47:33,325 - INFO - tom 登录FTP服务器成功
2016-07-07 15:49:22,191 - INFO - [ tom ] 退出登录
2016-07-07 15:49:59,752 - INFO - tom 登录FTP服务器成功
2016-07-07 15:50:54,875 - INFO - [ tom ] 退出登录
2016-07-07 15:54:02,904 - INFO - tom 登录FTP服务器成功
2016-07-07 15:54:58,578 - INFO - tom 登录FTP服务器成功
2016-07-07 15:56:13,147 - INFO - [ tom ] 退出登录
2016-07-07 15:56:52,546 - INFO - tom 登录FTP服务器成功
2016-07-07 15:58:35,365 - INFO - [ tom ] 退出登录
2016-07-07 15:59:10,889 - INFO - tom 登录FTP服务器成功
2016-07-07 16:02:03,884 - INFO - [ tom ] 退出登录
2016-07-07 16:02:45,090 - INFO - tom 尝试登录FTP服务器失败,用户名或者密码不匹配
2016-07-07 16:02:47,281 - INFO - tom 登录FTP服务器成功
2016-07-07 16:06:04,135 - INFO - tom 登录FTP服务器成功
2016-07-07 16:06:11,635 - INFO - tom 成功下载了文件 kaike.mp4
2016-07-07 16:12:06,573 - INFO - tom 登录FTP服务器成功
2016-07-07 16:12:12,859 - INFO - tom 成功下载了文件 zhoulibo.mp4
2016-07-07 16:17:38,058 - INFO - tom 登录FTP服务器成功
2016-07-07 16:19:23,298 - INFO - tom 登录FTP服务器成功
2016-07-07 16:19:31,268 - INFO - tom 成功下载了文件 zhoulibo.mp4
2016-07-07 16:20:29,619 - INFO - jerry 登录FTP服务器成功
2016-07-07 16:20:38,321 - INFO - jerry 成功下载了文件 zhoulibo.mp4
2016-07-07 16:20:41,210 - INFO - [ jerry ] 退出登录
2016-07-07 16:56:38,866 - INFO - tom 登录FTP服务器成功
2016-07-07 16:59:28,250 - INFO - [ tom ] 退出登录
2016-07-07 17:00:13,549 - INFO - tom 登录FTP服务器成功
2016-07-07 17:01:12,452 - INFO - [ tom ] 退出登录
2016-07-07 17:01:49,852 - INFO - tom 登录FTP服务器成功
2016-07-07 17:03:46,995 - INFO - [ tom ] 退出登录
2016-07-07 17:05:21,017 - INFO - tom 登录FTP服务器成功
2016-07-07 17:06:58,338 - INFO - tom 登录FTP服务器成功
2016-07-07 17:10:28,651 - INFO - tom 登录FTP服务器成功
2016-07-07 17:14:23,560 - INFO - [ tom ] 退出登录
2016-07-07 17:15:00,181 - INFO - tom 登录FTP服务器成功
2016-07-07 17:19:49,436 - INFO - [ tom ] 退出登录
2016-07-07 17:20:26,351 - INFO - tom 登录FTP服务器成功
2016-07-07 18:26:37,947 - INFO - [ tom ] 退出登录
2016-07-07 18:27:14,225 - INFO - tom 登录FTP服务器成功
2016-07-07 18:33:06,533 - INFO - tom 登录FTP服务器成功
2016-07-07 18:33:19,017 - INFO - tom 成功下载了文件 zhoulibo.mp4
2016-07-07 18:36:49,461 - INFO - [ tom ] 退出登录
2016-07-07 18:36:52,848 - INFO - tom 登录FTP服务器成功
2016-07-07 18:39:25,069 - INFO - tom 登录FTP服务器成功
2016-07-07 18:43:34,331 - INFO - tom 登录FTP服务器成功
2016-07-07 18:46:22,942 - INFO - toom 用户名不存在!
2016-07-07 18:46:24,453 - INFO - tom 登录FTP服务器成功
2016-07-07 18:48:16,201 - INFO - tom 登录FTP服务器成功
2016-07-07 18:48:23,980 - INFO - [ tom ] 退出登录
2016-07-07 18:49:04,569 - INFO - tom 登录FTP服务器成功
2016-07-07 18:49:16,536 - INFO - tom 成功下载了文件 test1
2016-07-07 18:49:32,455 - INFO - tom 成功下载了文件 kaike.mp4
2016-07-07 18:50:15,676 - INFO - [ tom ] 退出登录
2016-07-07 18:50:19,700 - INFO - tom 登录FTP服务器成功
2016-07-07 18:51:52,745 - INFO - tom 登录FTP服务器成功
2016-07-07 18:52:32,102 - INFO - tom 登录FTP服务器成功
2016-07-07 18:52:41,076 - INFO - tom 成功下载了文件 kaike.mp4
2016-07-07 18:58:17,435 - INFO - tom 已经登录FTP, 拒绝重复登录
2016-07-07 18:58:22,579 - INFO - jerry 登录FTP服务器成功
2016-07-07 18:58:28,780 - INFO - jerry 成功下载了文件 zhoulibo.mp4
2016-07-07 19:18:00,671 - INFO - [ jerry ] 退出登录
2016-07-07 19:18:45,664 - INFO - tom 登录FTP服务器成功
2016-07-07 19:18:54,582 - INFO - tom 成功下载了文件 kaike.mp4
2016-07-07 19:23:02,822 - INFO - jerry 登录FTP服务器成功
2016-07-07 19:23:07,919 - INFO - jerry 成功下载了文件 zhoulibo.mp4
2016-07-07 19:26:43,891 - INFO - [ jerry ] 退出登录
2016-07-07 19:26:50,849 - INFO - tom 已经登录FTP, 拒绝重复登录
2016-07-07 19:26:53,101 - INFO - jerry 登录FTP服务器成功
2016-07-07 19:27:55,935 - INFO - jerry 成功上传了文件 kaike.mp4
2016-07-08 00:09:24,919 - INFO - tom 登录FTP服务器成功
2016-07-08 00:09:47,546 - INFO - [ tom ] 退出登录
2016-07-08 00:09:49,817 - INFO - tom 登录FTP服务器成功
2016-07-08 00:10:45,074 - INFO - [ tom ] 退出登录
2016-07-08 00:10:47,171 - INFO - tom 登录FTP服务器成功
2016-07-08 00:11:22,883 - INFO - jerry 登录FTP服务器成功
2016-07-08 00:12:46,838 - INFO - [ tom ] 退出登录
2016-07-08 00:12:50,499 - INFO - tom 登录FTP服务器成功
2016-07-08 00:13:40,381 - INFO - [ tom ] 退出登录
2016-07-08 00:13:42,496 - INFO - tom 登录FTP服务器成功
2016-07-08 00:13:59,902 - INFO - tom 成功上传了文件 zhoulibo.mp4
2016-07-08 00:14:22,207 - INFO - tom 成功下载了文件 kaike.mp4
2016-07-08 00:33:31,773 - INFO - [ tom ] 退出登录
2016-07-08 00:33:43,654 - INFO - [ jerry ] 退出登录
2016-07-08 00:34:21,672 - INFO - tom 登录FTP服务器成功
2016-07-08 00:35:49,705 - INFO - [ tom ] 退出登录
2016-07-08 00:35:52,442 - INFO - tom 登录FTP服务器成功
2016-07-08 00:36:56,812 - INFO - [ tom ] 退出登录
2016-07-08 00:36:59,872 - INFO - tom 登录FTP服务器成功
2016-07-08 00:40:25,108 - INFO - [ tom ] 退出登录
2016-07-08 00:40:28,999 - INFO - tom 登录FTP服务器成功
2016-07-08 00:40:38,252 - INFO - [ tom ] 退出登录
2016-07-08 00:40:42,928 - INFO - tom 登录FTP服务器成功
2016-07-08 00:42:00,900 - INFO - jerry 登录FTP服务器成功
2016-07-08 00:42:44,650 - INFO - [ jerry ] 退出登录
2016-07-08 00:42:48,173 - INFO - tom 已经登录FTP, 拒绝重复登录
2016-07-08 00:42:51,265 - INFO - jerry 登录FTP服务器成功
2016-07-08 00:43:17,911 - INFO - [ jerry ] 退出登录
2016-07-08 00:43:22,169 - INFO - jerry 登录FTP服务器成功
2016-07-08 00:49:15,250 - INFO - [ jerry ] 退出登录
2016-07-08 00:49:18,348 - INFO - tom 已经登录FTP, 拒绝重复登录
2016-07-08 00:49:20,848 - INFO - jerry 登录FTP服务器成功
2016-07-08 11:02:46,385 - INFO - [ jerry ] 退出登录
2016-07-08 11:03:23,945 - INFO - tom 已经登录FTP, 拒绝重复登录
2016-07-08 11:03:28,827 - INFO - jerry 登录FTP服务器成功
2016-07-08 11:17:53,888 - INFO - jerry 成功下载了文件 zhoulibo.mp4
2016-07-08 12:08:04,596 - INFO - [ jerry ] 退出登录
2016-07-08 12:08:42,517 - INFO - tom 登录FTP服务器成功
2016-07-08 12:09:22,676 - INFO - [ tom ] 退出登录
2016-07-08 12:10:25,195 - INFO - tom 登录FTP服务器成功
2016-07-08 12:12:44,268 - INFO - tom 登录FTP服务器成功
2016-07-08 12:14:30,707 - INFO - tom 登录FTP服务器成功
2016-07-08 12:15:06,343 - INFO - tom 登录FTP服务器成功
2016-07-08 12:15:36,109 - INFO - tom 登录FTP服务器成功
2016-07-08 12:17:32,119 - INFO - tom 登录FTP服务器成功
2016-07-08 12:18:22,105 - INFO - tom 登录FTP服务器成功
2016-07-08 12:18:38,691 - INFO - jerry 登录FTP服务器成功
2016-07-08 12:25:21,959 - INFO - tom 登录FTP服务器成功
2016-07-08 12:28:41,183 - INFO - tom 登录FTP服务器成功
2016-07-08 12:35:28,731 - INFO - tom 登录FTP服务器成功
2016-07-08 12:37:56,907 - INFO - tom 登录FTP服务器成功
2016-07-08 12:39:16,545 - INFO - tom 登录FTP服务器成功
2016-07-08 12:40:52,438 - INFO - tom 登录FTP服务器成功
2016-07-08 12:42:21,865 - INFO - tom 登录FTP服务器成功
2016-07-08 12:45:29,527 - INFO - tom 登录FTP服务器成功
2016-07-08 12:48:10,006 - INFO - tom 登录FTP服务器成功
2016-07-08 12:50:12,842 - INFO - tom 登录FTP服务器成功
2016-07-08 12:51:09,833 - INFO - tom 登录FTP服务器成功
2016-07-08 12:58:10,717 - INFO - tom 登录FTP服务器成功
2016-07-08 13:02:41,552 - INFO - jerry 登录FTP服务器成功
2016-07-08 13:03:12,824 - INFO - [ tom ] 退出登录
2016-07-08 13:03:14,255 - INFO - [ jerry ] 退出登录
2016-07-08 13:03:17,164 - INFO - tom 登录FTP服务器成功
2016-07-08 13:04:45,587 - INFO - [ tom ] 退出登录
2016-07-08 13:05:56,542 - INFO - tom 登录FTP服务器成功
2016-07-08 13:07:40,141 - INFO - [ tom ] 退出登录
2016-07-08 13:08:39,745 - INFO - tom 登录FTP服务器成功
2016-07-08 13:09:57,444 - INFO - [ tom ] 退出登录
2016-07-08 13:10:36,110 - INFO - tom 登录FTP服务器成功
2016-07-08 13:11:17,860 - INFO - [ tom ] 退出登录
2016-07-08 13:12:29,187 - INFO - tom 登录FTP服务器成功
2016-07-08 13:15:34,217 - INFO - [ tom ] 退出登录
2016-07-08 13:16:15,377 - INFO - tom 登录FTP服务器成功
2016-07-08 13:43:51,100 - INFO - tom 登录FTP服务器成功
2016-07-08 14:16:32,575 - INFO - tom 登录FTP服务器成功
2016-07-08 14:18:17,489 - INFO - tom 登录FTP服务器成功
2016-07-08 14:19:24,702 - INFO - tom 登录FTP服务器成功
2016-07-08 14:28:34,016 - INFO - tom 登录FTP服务器成功
2016-07-08 14:30:36,994 - INFO - tom 登录FTP服务器成功
2016-07-08 14:31:42,480 - INFO - tom 尝试登录FTP服务器失败,用户名或者密码不匹配
2016-07-08 14:31:44,230 - INFO - tom 登录FTP服务器成功
2016-07-08 14:32:40,734 - INFO - [ tom ] 退出登录
2016-07-08 14:32:42,523 - INFO - tom 登录FTP服务器成功
2016-07-08 14:35:17,292 - INFO - tom 登录FTP服务器成功
2016-07-08 14:36:42,242 - INFO - tom 登录FTP服务器成功
2016-07-08 14:45:00,783 - INFO - tom 登录FTP服务器成功
2016-07-08 14:45:28,300 - INFO - tom 登录FTP服务器成功
2016-07-08 14:46:39,168 - INFO - tom 登录FTP服务器成功
2016-07-08 14:49:40,652 - INFO - tom 登录FTP服务器成功
2016-07-08 14:51:03,380 - INFO - tom 登录FTP服务器成功
2016-07-08 14:58:10,651 - INFO - tom 登录FTP服务器成功
2016-07-08 15:12:00,038 - INFO - tom 登录FTP服务器成功
2016-07-08 15:37:44,466 - INFO - [ tom ] 退出登录
2016-07-08 15:37:47,777 - INFO - tom 登录FTP服务器成功
2016-07-08 15:38:10,054 - INFO - jerry 登录FTP服务器成功
2016-07-08 15:41:58,996 - INFO - tom 登录FTP服务器成功
2016-07-08 15:43:01,975 - INFO - tom 登录FTP服务器成功
2016-07-08 15:44:28,577 - INFO - tom 登录FTP服务器成功
2016-07-08 15:55:34,563 - INFO - tom 登录FTP服务器成功
2016-07-08 15:55:47,282 - INFO - tom 成功上传了文件 zhoulibo.mp4
2016-07-08 15:59:33,428 - INFO - tom 登录FTP服务器成功
2016-07-08 15:59:45,520 - INFO - tom 成功文件 zhoulibo.mp4 失败, 完整性校验失败
2016-07-08 16:05:51,229 - INFO - tom 登录FTP服务器成功
2016-07-08 16:05:59,697 - INFO - tom 成功文件 kaike.mp4 失败, 完整性校验失败
2016-07-08 16:15:26,257 - INFO - [ tom ] 退出登录
2016-07-08 16:15:28,103 - INFO - tom 登录FTP服务器成功
2016-07-08 16:15:45,410 - INFO - tom 成功文件 kaike.mp4 失败, 完整性校验失败
2016-07-08 16:16:31,269 - INFO - [ tom ] 退出登录
2016-07-08 16:16:33,289 - INFO - tom 登录FTP服务器成功
2016-07-08 16:16:41,289 - INFO - tom 成功文件 zhoulibo.mp4 失败, 完整性校验失败
2016-07-08 16:17:38,489 - INFO - [ tom ] 退出登录
2016-07-08 16:17:46,036 - INFO - tom 登录FTP服务器成功
2016-07-08 16:18:14,319 - INFO - tom 成功文件 zhoulibo.mp4 失败, 完整性校验失败
2016-07-08 16:20:58,800 - INFO - [ tom ] 退出登录
2016-07-08 16:21:01,400 - INFO - tom 登录FTP服务器成功
2016-07-08 16:22:49,539 - INFO - tom 成功文件 kaike.mp4 失败, 完整性校验失败
2016-07-08 16:23:37,317 - INFO - tom 登录FTP服务器成功
2016-07-08 16:23:46,394 - INFO - tom 成功文件 zhoulibo.mp4 失败, 完整性校验失败
2016-07-08 16:24:35,702 - INFO - tom 登录FTP服务器成功
2016-07-08 16:24:46,407 - INFO - tom 成功文件 zhoulibo.mp4 失败, 完整性校验失败
2016-07-08 16:28:24,307 - INFO - tom 登录FTP服务器成功
2016-07-08 16:40:22,765 - INFO - [ tom ] 退出登录
2016-07-08 16:41:02,461 - INFO - tom 登录FTP服务器成功
2016-07-08 17:15:05,756 - INFO - tom 登录FTP服务器成功
2016-07-08 17:15:17,407 - INFO - tom 成功下载了文件 zhoulibo.mp4
2016-07-08 17:16:29,941 - INFO - [ tom ] 退出登录
2016-07-08 17:17:04,792 - INFO - tom 登录FTP服务器成功
2016-07-08 17:17:11,268 - INFO - tom 成功下载了文件 zhoulibo.mp4
2016-07-08 17:18:12,291 - INFO - [ tom ] 退出登录
2016-07-08 17:18:15,362 - INFO - tom 登录FTP服务器成功
2016-07-08 17:18:20,998 - INFO - tom 成功下载了文件 zhoulibo.mp4
2016-07-08 17:29:39,921 - INFO - tom 登录FTP服务器成功, 登录IP/Port: ('127.0.0.1', 54183)
2016-07-08 17:29:48,104 - INFO - [ tom ] 退出登录
2016-07-08 18:26:43,570 - INFO - tom 登录FTP服务器成功, 登录IP/Port: ('127.0.0.1', 54484)
2016-07-08 18:27:43,512 - INFO - [ tom ] 退出登录
2016-07-08 18:27:46,931 - INFO - tom 登录FTP服务器成功, 登录IP/Port: ('127.0.0.1', 54487)
2016-07-08 18:45:50,770 - INFO - tom 登录FTP服务器成功, 登录IP/Port: ('127.0.0.1', 54652)
2016-07-08 18:50:46,509 - INFO - tom 登录FTP服务器成功, 登录IP/Port: ('127.0.0.1', 54666)
2016-07-08 18:52:31,368 - INFO - tom 登录FTP服务器成功, 登录IP/Port: ('127.0.0.1', 54675)
2016-07-08 18:54:34,723 - INFO - tom 登录FTP服务器成功, 登录IP/Port: ('127.0.0.1', 54693)
2016-07-08 18:55:20,391 - INFO - tom 登录FTP服务器成功, 登录IP/Port: ('127.0.0.1', 54697)
2016-07-08 18:55:50,370 - INFO - tom 登录FTP服务器成功, 登录IP/Port: ('127.0.0.1', 54703)
2016-07-08 19:15:33,546 - INFO - tom 登录FTP服务器成功, 登录IP/Port: ('127.0.0.1', 54789)
2016-07-09 07:07:42,183 - INFO - tom 登录FTP服务器成功, 登录IP/Port: ('127.0.0.1', 55089)
2016-07-09 07:18:58,683 - INFO - tom 登录FTP服务器成功, 登录IP/Port: ('127.0.0.1', 55122)
2016-07-09 07:21:07,111 - INFO - jerry 登录FTP服务器成功, 登录IP/Port: ('127.0.0.1', 55134)
2016-07-09 07:22:16,006 - INFO - [ jerry ] 退出登录
2016-07-09 07:22:57,279 - INFO - jerry 登录FTP服务器成功, 登录IP/Port: ('127.0.0.1', 55136)
2016-07-09 08:20:46,233 - INFO - tom 登录FTP服务器成功, 登录IP/Port: ('127.0.0.1', 55477)
2016-07-09 08:21:14,124 - INFO - tom 删除文件 .Ds_Store 成功, 登录地址: ('127.0.0.1', 55477)
2016-07-09 08:27:39,693 - INFO - tom 登录FTP服务器成功, 登录IP/Port: ('127.0.0.1', 55495)
2016-07-09 08:29:20,979 - INFO - [ tom ] 退出登录
2016-07-09 08:29:23,599 - INFO - tom 登录FTP服务器成功, 登录IP/Port: ('127.0.0.1', 55505)
2016-07-09 08:30:34,931 - INFO - tom 删除文件 zhoulibo.mp4 成功, 登录地址: ('127.0.0.1', 55505)
2016-07-09 08:30:43,808 - INFO - [ tom ] 退出登录
2016-07-09 08:46:52,360 - INFO - tom 登录FTP服务器成功, 登录IP/Port: ('127.0.0.1', 55723)
2016-07-09 08:49:34,091 - INFO - tom 登录FTP服务器成功, 登录IP/Port: ('127.0.0.1', 55746)
2016-07-09 08:49:37,408 - INFO - tom 创建目录 test 成功, 登录地址: ('127.0.0.1', 55746)
2016-07-09 08:50:15,219 - INFO - [ tom ] 退出登录
2016-07-09 08:50:18,543 - INFO - tom 登录FTP服务器成功, 登录IP/Port: ('127.0.0.1', 55749)
2016-07-09 08:50:26,616 - INFO - tom 创建目录 test1 成功, 登录地址: ('127.0.0.1', 55749)
2016-07-09 08:54:57,899 - INFO - tom 登录FTP服务器成功, 登录IP/Port: ('127.0.0.1', 55759)
2016-07-09 08:55:42,165 - INFO - tom 删除文件 ../zhoulibo.mp4 成功, 登录地址: ('127.0.0.1', 55759)
2016-07-09 08:57:25,968 - INFO - tom 登录FTP服务器成功, 登录IP/Port: ('127.0.0.1', 55767)
2016-07-09 08:57:35,222 - INFO - tom 创建目录 ../test2 成功, 登录地址: ('127.0.0.1', 55767)
2016-07-09 08:57:50,709 - INFO - tom 创建目录 test3 成功, 登录地址: ('127.0.0.1', 55767)
2016-07-09 08:58:13,303 - INFO - tom 创建目录 ../../test4 成功, 登录地址: ('127.0.0.1', 55767)
2016-07-09 08:58:34,375 - INFO - tom 创建目录 ../../../../test1 遭拒绝, 原因是没有权限! 登录地址: ('127.0.0.1', 55767)
2016-07-09 09:03:43,211 - INFO - tom 登录FTP服务器成功, 登录IP/Port: ('127.0.0.1', 55784)
2016-07-09 09:03:50,265 - INFO - tom 删除文件 zhoulibo.mp4 成功, 登录地址: ('127.0.0.1', 55784)
2016-07-09 09:04:38,031 - INFO - tom 删除文件 test3 成功, 登录地址: ('127.0.0.1', 55784)
2016-07-09 09:07:12,533 - INFO - tom 登录FTP服务器成功, 登录IP/Port: ('127.0.0.1', 55801)
2016-07-09 09:07:38,836 - INFO - tom 成功下载了文件 
2016-07-09 09:59:51,143 - INFO - tom 登录FTP服务器成功, 登录IP/Port: ('127.0.0.1', 56113)
2016-07-09 10:04:51,134 - INFO - tom 登录FTP服务器成功, 登录IP/Port: ('127.0.0.1', 56131)
2016-07-09 10:05:44,162 - INFO - tom 登录FTP服务器成功, 登录IP/Port: ('127.0.0.1', 56134)
2016-07-09 10:07:19,922 - INFO - tom 登录FTP服务器成功, 登录IP/Port: ('127.0.0.1', 56147)
2016-07-09 10:08:21,237 - INFO - tom 已经登录FTP, 拒绝重复登录
2016-07-09 10:08:23,593 - INFO - jerry 登录FTP服务器成功, 登录IP/Port: ('127.0.0.1', 56148)
2016-07-09 10:09:06,963 - INFO - [ jerry ] 退出登录
2016-07-09 10:11:25,909 - INFO - tom 登录FTP服务器成功, 登录IP/Port: ('127.0.0.1', 56153)
2016-07-09 10:19:20,345 - INFO - tom 登录FTP服务器成功, 登录IP/Port: ('127.0.0.1', 56175)
2016-07-09 10:21:14,132 - INFO - tom 已经登录FTP, 拒绝重复登录
2016-07-09 10:21:18,576 - INFO - jerry 登录FTP服务器成功, 登录IP/Port: ('127.0.0.1', 56179)
2016-07-09 10:23:24,287 - INFO - jerry 登录FTP服务器成功, 登录IP/Port: ('127.0.0.1', 56191)
2016-07-09 10:24:40,750 - INFO - tom 登录FTP服务器成功, 登录IP/Port: ('127.0.0.1', 56193)
2016-07-09 10:29:18,511 - INFO - tom 登录FTP服务器成功, 登录IP/Port: ('127.0.0.1', 56207)
2016-07-09 10:37:56,431 - INFO - tom 登录FTP服务器成功, 登录IP/Port: ('127.0.0.1', 56235)
2016-07-09 10:38:11,884 - INFO - tom 删除文件 zhoulibo.mp4 成功, 登录地址: ('127.0.0.1', 56235)
2016-07-09 10:38:16,857 - INFO - tom 删除文件 kaike.mp4 成功, 登录地址: ('127.0.0.1', 56235)
2016-07-09 10:39:09,648 - INFO - tom 登录FTP服务器成功, 登录IP/Port: ('127.0.0.1', 56238)
2016-07-09 10:42:52,568 - INFO - tom 登录FTP服务器成功, 登录IP/Port: ('127.0.0.1', 56250)
2016-07-09 10:46:38,872 - INFO - tom 登录FTP服务器成功, 登录IP/Port: ('127.0.0.1', 56257)
2016-07-09 11:23:57,312 - INFO - tom 登录FTP服务器成功, 登录IP/Port: ('127.0.0.1', 56405)
2016-07-09 11:26:19,495 - INFO - tom 登录FTP服务器成功, 登录IP/Port: ('127.0.0.1', 56411)
2016-07-09 11:27:27,270 - INFO - tom 已经登录FTP, 拒绝重复登录
2016-07-09 11:27:30,410 - INFO - jerry 登录FTP服务器成功, 登录IP/Port: ('127.0.0.1', 56417)
2016-07-09 11:28:11,653 - INFO - tom 登录FTP服务器成功, 登录IP/Port: ('127.0.0.1', 56419)
2016-07-09 11:28:40,272 - INFO - tom 登录FTP服务器成功, 登录IP/Port: ('127.0.0.1', 56421)
2016-07-09 11:30:25,676 - INFO - tom 登录FTP服务器成功, 登录IP/Port: ('127.0.0.1', 56429)
2016-07-09 11:31:34,107 - INFO - tom 登录FTP服务器成功, 登录IP/Port: ('127.0.0.1', 56430)
2016-07-09 11:34:41,412 - INFO - tom 登录FTP服务器成功, 登录IP/Port: ('127.0.0.1', 56440)
2016-07-09 11:34:58,379 - INFO - tom 成功下载了文件 kaike.mp4
2016-07-09 11:35:18,294 - INFO - [ tom ] 退出登录
2016-07-09 11:42:35,189 - INFO - tom 登录FTP服务器成功, 登录IP/Port: ('127.0.0.1', 56468)
2016-07-09 11:42:40,842 - INFO - tom 创建目录 test 成功, 登录地址: ('127.0.0.1', 56468)
2016-07-09 11:43:52,517 - INFO - tom 登录FTP服务器成功, 登录IP/Port: ('127.0.0.1', 56475)
2016-07-09 11:52:00,370 - INFO - tom 登录FTP服务器成功, 登录IP/Port: ('127.0.0.1', 56496)
2016-07-09 11:54:19,918 - INFO - tom 登录FTP服务器成功, 登录IP/Port: ('127.0.0.1', 56503)
2016-07-09 11:55:02,845 - INFO - tom 登录FTP服务器成功, 登录IP/Port: ('127.0.0.1', 56505)
2016-07-09 11:55:14,081 - INFO - tom 成功下载了文件 kaike.mp4
2016-07-09 11:57:56,898 - INFO - tom 登录FTP服务器成功, 登录IP/Port: ('127.0.0.1', 56517)
2016-07-09 11:58:08,791 - INFO - tom 删除文件 .DS_Store 成功, 登录地址: ('127.0.0.1', 56517)
2016-07-09 11:58:52,960 - INFO - tom 成功下载了文件 kaike.mp4
