2016-06-22 19:44:08,663 - INFO - [ admin ]登录成功
2016-06-22 19:44:48,156 - INFO - [ admin ]尝试登录, 账号密码验证失败
2016-06-22 19:46:14,180 - INFO - [ admin ]登录成功
2016-06-22 19:52:49,912 - INFO - [ admin ]登录成功
2016-06-22 19:55:44,831 - INFO - [ admin ]登录成功
2016-06-22 19:56:13,708 - INFO - [ admin ]登录成功
2016-06-22 22:38:53,325 - INFO - [ admin ]登录成功
2016-06-22 23:00:58,894 - INFO - [ admin ]登录成功
2016-06-22 23:03:32,349 - INFO - [ admin ]登录成功
2016-06-22 23:03:50,834 - INFO - [ admin ]登录成功
2016-06-22 23:05:09,267 - INFO - [ admin ]登录成功
2016-06-22 23:05:31,441 - INFO - 老师[ 黄药师 ]被添加成功, 操作员[ admin ]
2016-06-23 09:58:49,416 - INFO - [ admin ]登录成功
2016-06-23 10:00:36,645 - INFO - [ admin ]登录成功
2016-06-23 10:00:50,967 - INFO - 老师[ 欧阳锋 ]被添加成功, 操作员[ admin ]
2016-06-23 10:00:55,863 - INFO - [ admin ]登录成功
2016-06-23 10:02:30,276 - INFO - [ admin ]登录成功
2016-06-23 10:02:44,559 - INFO - [ admin ]登录成功
2016-06-23 10:02:59,041 - INFO - 老师[ 黄药师 ]被添加成功, 操作员[ admin ]
2016-06-23 10:03:03,630 - INFO - [ admin ]登录成功
2016-06-23 10:04:00,058 - INFO - [ admin ]登录成功
2016-06-23 10:04:16,960 - INFO - [ admin ]登录成功
2016-06-23 10:04:49,860 - INFO - [ admin ]登录成功
2016-06-23 10:05:53,658 - INFO - [ admin ]登录成功
2016-06-23 10:06:47,455 - INFO - [ admin ]登录成功
2016-06-23 10:07:10,551 - INFO - 老师[ 周伯通 ]被添加成功, 操作员[ admin ]
2016-06-23 10:09:23,231 - INFO - [ admin ]登录成功
2016-06-23 10:11:16,183 - INFO - [ admin ]登录成功
2016-06-23 10:26:07,076 - INFO - [ admin ]登录成功
2016-06-23 10:26:34,961 - INFO - [ admin ]登录成功
2016-06-23 10:27:21,193 - INFO - [ admin ]登录成功
2016-06-23 10:30:33,795 - INFO - [ admin ]登录成功
2016-06-23 11:02:53,489 - INFO - [ admin ]登录成功
2016-06-23 11:03:58,626 - INFO - [ admin ]登录成功
2016-06-23 11:05:57,525 - INFO - [ admin ]登录成功
2016-06-23 11:06:25,448 - INFO - 课程 蛤蟆功 添加成功, 老师 欧阳锋, 操作员 admin
2016-06-23 11:08:42,340 - INFO - [ admin ]尝试登录, 账号密码验证失败
2016-06-23 11:08:47,922 - INFO - [ admin ]登录成功
2016-06-23 11:10:13,573 - INFO - [ admin ]登录成功
2016-06-23 11:10:53,032 - INFO - [ admin ]登录成功
2016-06-23 11:11:36,117 - INFO - [ admin ]登录成功
2016-06-23 11:11:46,284 - INFO - 课程 蛤蟆功 添加成功, 老师 , 操作员 admin
2016-06-23 11:12:47,258 - INFO - 课程 蛤蟆功 添加成功, 老师 欧阳锋, 操作员 admin
2016-06-23 11:15:05,040 - INFO - [ admin ]登录成功
2016-06-23 11:15:31,661 - INFO - 课程 蛤蟆功 添加成功, 老师 欧阳锋, 操作员 admin
2016-06-23 11:16:04,130 - INFO - [ admin ]登录成功
2016-06-23 11:16:21,422 - INFO - 课程 蛤蟆功 添加成功, 老师 欧阳锋, 操作员 admin
2016-06-23 11:18:45,055 - INFO - [ admin ]登录成功
2016-06-23 11:19:11,844 - INFO - 课程 弹指神通 添加成功, 老师 黄药师, 操作员 admin
2016-06-23 11:21:00,826 - INFO - [ admin ]登录成功
2016-06-23 11:22:31,780 - INFO - [ admin ]登录成功
2016-06-23 11:22:45,341 - INFO - 课程 降龙十八掌 添加成功, 老师 老顽童, 操作员 admin
2016-06-23 11:25:11,042 - INFO - [ admin ]登录成功
2016-06-23 11:26:20,550 - INFO - [ admin ]登录成功
2016-06-23 11:26:33,171 - INFO - 课程 小混蛋 添加成功, 老师 周伯通, 操作员 admin
2016-06-23 11:27:35,648 - INFO - 课程 左右互搏术 添加成功, 老师 老顽童, 操作员 admin
2016-06-23 11:28:31,481 - INFO - [ admin ]登录成功
2016-06-23 11:28:59,426 - INFO - 课程 左右互搏术 添加成功, 老师 周伯通, 操作员 admin
2016-06-23 11:29:30,197 - INFO - 课程 弹指神通 添加成功, 老师 黄药师, 操作员 admin
2016-06-23 11:30:05,042 - INFO - 课程 弹指神通 添加成功, 老师 黄药师, 操作员 admin
2016-06-23 11:35:24,643 - INFO - [ admin ]登录成功
2016-06-23 11:35:36,102 - INFO - 操作失败,课程 弹指神通 已存在, 操作员 admin
2016-06-23 11:38:59,353 - INFO - [ admin ]登录成功
2016-06-23 11:48:47,662 - INFO - [ admin ]登录成功
2016-06-23 11:49:11,126 - INFO - [ admin ]登录成功
2016-06-23 11:50:09,174 - INFO - [ admin ]登录成功
2016-06-23 11:51:08,912 - INFO - [ admin ]登录成功
2016-06-23 11:51:35,027 - INFO - [ admin ]登录成功
2016-06-23 11:51:57,712 - INFO - [ admin ]登录成功
2016-06-23 11:56:13,430 - INFO - [ tom ]登录成功
2016-06-23 11:56:41,863 - INFO - 老师[ 段王爷 ]被添加成功, 操作员[ tom ]
2016-06-23 11:57:06,520 - INFO - 课程 六脉神剑 添加成功, 老师 段王爷, 操作员 tom
2016-06-23 14:36:30,339 - INFO - 欧阳锋 登录成功
2016-06-23 14:47:27,110 - INFO - 欧阳锋初次登录,密码已成功修改
2016-06-23 14:47:36,027 - INFO - 欧阳锋 登录成功
2016-06-23 15:26:29,884 - INFO - 欧阳锋 登录成功
2016-06-23 15:40:44,693 - INFO - 欧阳锋 登录成功
2016-06-23 16:04:48,428 - INFO - 欧阳锋 登录成功
2016-06-23 16:05:33,029 - INFO - 欧阳锋 登录成功
2016-06-23 16:07:06,218 - INFO - 欧阳锋 登录成功
2016-06-23 16:08:43,692 - INFO - 欧阳锋 登录成功
2016-06-23 16:09:39,239 - INFO - 周伯通初次登录,密码已成功修改
2016-06-23 16:09:49,077 - INFO - 周伯通 登录成功
2016-06-23 16:33:14,418 - INFO - 欧阳锋 登录成功
2016-06-23 16:33:45,458 - INFO - 欧阳锋 登录成功
2016-06-23 16:39:58,797 - INFO - 欧阳锋 登录成功
2016-06-23 16:40:44,121 - INFO - 欧阳锋 登录成功
2016-06-23 16:40:45,481 - INFO - 欧阳锋 查看 代课 信息
2016-06-23 16:40:49,451 - INFO - 欧阳锋 查看 资产 信息
2016-06-23 16:41:27,130 - INFO - 周伯通 登录成功
2016-06-23 16:41:28,686 - INFO - 周伯通 查看 代课 信息
2016-06-23 16:41:31,182 - INFO - 周伯通 查看 资产 信息
2016-06-23 16:52:56,921 - INFO - [ admin ]登录成功
2016-06-23 17:02:22,289 - INFO - [ admin ]登录成功
2016-06-23 17:02:47,815 - INFO - [ admin ]登录成功
2016-06-23 17:16:22,230 - INFO - [ admin ]登录成功
2016-06-23 17:16:58,808 - INFO - 操作失败,课程 降龙十八掌 已存在, 操作员 admin
2016-06-23 17:18:05,835 - INFO - 老师[ 洪七公 ]被添加成功, 操作员[ admin ]
2016-06-23 17:18:27,881 - INFO - 操作失败,课程 降龙十八掌 已存在, 操作员 admin
2016-06-23 18:04:47,594 - INFO - [ admin ]登录成功
2016-06-23 18:10:24,664 - INFO - [ admin ]登录成功
2016-06-23 18:12:07,739 - INFO - [ admin ]登录成功
2016-06-23 18:12:12,271 - INFO - 周伯通老师删除成功,操作员 admin
2016-06-23 18:14:37,693 - INFO - [ admin ]登录成功
2016-06-23 18:15:16,251 - INFO - [ admin ]登录成功
2016-06-23 18:15:56,945 - INFO - 段王爷老师删除成功,操作员 admin
2016-06-23 18:18:36,684 - INFO - [ admin ]登录成功
2016-06-23 18:19:24,798 - INFO - 课程 六脉神剑 添加成功, 老师 洪七公, 操作员 admin
2016-06-23 18:23:38,867 - INFO - [ admin ]登录成功
2016-06-23 18:24:05,779 - INFO - 课程 六脉神剑 添加成功, 老师 欧阳锋, 操作员 admin
2016-06-23 18:24:22,219 - INFO - 黄药师老师删除成功,操作员 admin
2016-06-23 18:24:41,890 - INFO - 老师[ 黄药师 ]被添加成功, 操作员[ admin ]
2016-06-23 18:25:14,673 - INFO - 弹指神通 课程已经存在,但是没有关联代课老师, admin放弃关联操作!
2016-06-23 18:25:48,832 - INFO - 课程 弹指神通 添加成功, 老师 黄药师, 操作员 admin
2016-06-23 18:28:41,021 - INFO - 老师[ 杨 过 ]被添加成功, 操作员[ admin ]
2016-06-23 18:29:28,878 - INFO - 课程 黯然销魂掌 添加成功, 老师 杨 过, 操作员 admin
2016-06-23 18:30:10,914 - INFO - 操作失败,课程 六脉神剑 已存在, 操作员 admin
2016-06-23 18:42:57,163 - INFO - [ admin ]登录成功
2016-06-23 18:43:46,784 - INFO - 左右互搏术课程删除成功,操作员 admin 
2016-06-23 18:44:33,034 - INFO - [ admin ]登录成功
2016-06-23 18:45:52,172 - INFO - [ admin ]登录成功
2016-06-23 18:46:51,349 - INFO - [ admin ]登录成功
2016-06-23 18:47:02,696 - INFO - 杨 过 老师关联的课程 黯然销魂掌 已被删除, 原因是课程被删除, 操作员 admin 
2016-06-23 18:47:02,698 - INFO - 黯然销魂掌课程删除成功,操作员 admin 
2016-06-24 13:29:23,371 - INFO - jerry 成功注册学生平台
2016-06-24 13:29:28,889 - INFO - jerry 成功登录学生平台
2016-06-24 13:30:00,025 - INFO - jerry 注册失败,用户名已存在!
2016-06-24 13:31:02,271 - INFO - jerry 成功登录学生平台
2016-06-24 13:31:42,160 - INFO - jerry 登录学生平台失败,用户名或者密码错误!
2016-06-24 13:31:47,084 - INFO - jerry 成功登录学生平台
2016-06-24 13:58:29,274 - INFO - jerry 成功登录学生平台
2016-06-24 14:00:26,292 - INFO - jerry 成功登录学生平台
2016-06-24 14:11:27,812 - INFO -  注册失败,用户名已存在!
2016-06-24 14:11:31,593 - INFO - jerry 登录学生平台失败,用户名或者密码错误!
2016-06-24 14:11:35,310 - INFO - jerry 成功登录学生平台
2016-06-24 14:12:07,807 - INFO - jerry 成功登录学生平台
2016-06-24 14:12:29,243 - INFO - jerry 成功登录学生平台
2016-06-24 14:16:03,328 - INFO - jerry 成功登录学生平台
2016-06-24 14:16:31,036 - INFO - jerry 成功登录学生平台
2016-06-24 14:17:11,604 - INFO - jerry 成功登录学生平台
2016-06-24 14:18:10,155 - INFO - jerry 登录学生平台失败,用户名或者密码错误!
2016-06-24 14:18:15,225 - INFO - jerry 成功登录学生平台
2016-06-24 14:18:53,939 - INFO - jerry 成功登录学生平台
2016-06-24 14:22:08,974 - INFO - jerry 成功登录学生平台
2016-06-24 14:23:54,807 - INFO - jerry 成功登录学生平台
2016-06-24 14:54:14,167 - INFO - jerry 成功登录学生平台
2016-06-24 14:54:48,265 - INFO - jerry 成功登录学生平台
2016-06-24 14:55:59,193 - INFO - jerry 成功登录学生平台
2016-06-24 15:02:33,669 - INFO - jerry 成功注册学生平台
2016-06-24 15:02:37,559 - INFO - jerry 成功登录学生平台
2016-06-24 15:03:45,825 - INFO - jerry 成功登录学生平台
2016-06-24 15:04:52,930 - INFO - [ admin ]登录成功
2016-06-24 15:05:05,391 - INFO - [ admin ]登录成功
2016-06-24 15:05:16,365 - INFO - [ admin ]登录成功
2016-06-24 15:05:44,748 - INFO - [ admin ]登录成功
2016-06-24 15:05:58,415 - INFO - [ admin ]登录成功
2016-06-24 15:06:20,593 - INFO - [ admin ]登录成功
2016-06-24 15:06:39,025 - INFO - 课程 六脉神剑 添加成功, 老湿 欧阳锋, 操作员 admin
2016-06-24 15:07:36,018 - INFO - [ admin ]登录成功
2016-06-24 15:08:04,780 - INFO - 老湿[ 黄药师 ]被添加成功, 操作员[ admin ]
2016-06-24 15:08:26,805 - INFO - 老湿[ 欧阳锋 ]被添加成功, 操作员[ admin ]
2016-06-24 15:09:00,300 - INFO - 老湿[ 段王爷 ]被添加成功, 操作员[ admin ]
2016-06-24 15:11:00,820 - INFO - [ admin ]登录成功
2016-06-24 15:11:25,617 - INFO - 老湿[ 洪七公 ]被添加成功, 操作员[ admin ]
2016-06-24 15:11:57,938 - INFO - 课程 六脉神剑 添加成功, 老湿 段王爷, 操作员 admin
2016-06-24 15:12:23,784 - INFO - 课程 弹指神通 添加成功, 老湿 黄药师, 操作员 admin
2016-06-24 15:12:52,552 - INFO - 课程 降龙十八掌 添加成功, 老湿 洪七公, 操作员 admin
2016-06-24 15:13:35,556 - INFO - [ admin ]登录成功
2016-06-24 15:13:52,044 - INFO - 课程 九阴真经 添加成功, 老湿 欧阳锋, 操作员 admin
2016-06-24 15:14:15,056 - INFO - jerry 成功登录学生平台
2016-06-24 15:14:26,429 - INFO - 学生 jerry 成功选课 九阴真经
2016-06-24 15:17:22,731 - INFO - jerry 成功登录学生平台
2016-06-24 15:22:44,869 - INFO - 学生 jerry 成功选课 降龙十八掌
2016-06-24 15:24:51,567 - INFO - 黄药师初次登录,密码已成功修改
2016-06-24 15:25:04,724 - INFO - 黄药师 登录成功
2016-06-24 15:25:06,726 - INFO - 黄药师 查看 代课 信息
2016-06-24 15:28:59,377 - INFO - [ admin ]登录成功
2016-06-24 15:39:16,069 - INFO - jerry 成功登录学生平台
2016-06-24 16:26:10,593 - INFO - jerry 成功登录学生平台
2016-06-24 16:27:17,063 - INFO - jerry 成功登录学生平台
2016-06-24 16:28:00,307 - INFO - jerry 成功登录学生平台
2016-06-24 16:43:39,551 - INFO - [ admin ]登录成功
2016-06-24 16:44:29,337 - INFO - 老湿[ 黄药师 ]被添加成功, 操作员[ admin ]
2016-06-24 16:44:41,142 - INFO - 老湿[ 欧阳锋 ]被添加成功, 操作员[ admin ]
2016-06-24 16:44:57,523 - INFO - 老湿[ 洪七公 ]被添加成功, 操作员[ admin ]
2016-06-24 16:45:10,116 - INFO - 老湿[ 段王爷 ]被添加成功, 操作员[ admin ]
2016-06-24 16:45:25,997 - INFO - 老湿[ 王重阳 ]被添加成功, 操作员[ admin ]
2016-06-24 16:49:01,295 - INFO - [ admin ]登录成功
2016-06-24 16:52:12,456 - INFO - [ admin ]登录成功
2016-06-24 16:53:48,881 - INFO - 课程 九阴真经 添加成功, 老湿 王重阳, 操作员 admin
2016-06-24 16:54:37,558 - INFO - jerry 成功注册学生平台
2016-06-24 16:54:43,903 - INFO - jerry 成功登录学生平台
2016-06-24 16:56:42,126 - INFO - jerry 成功登录学生平台
2016-06-24 16:57:18,698 - INFO - jerry 成功登录学生平台
2016-06-24 16:57:25,093 - INFO - 学生 jerry 成功选课 九阴真经
2016-06-24 16:58:08,326 - INFO - jerry 成功登录学生平台
2016-06-24 17:36:45,712 - INFO - jerry 登录学生平台失败,用户名或者密码错误!
2016-06-24 17:36:49,264 - INFO - jerry 成功登录学生平台
2016-06-24 17:37:06,571 - INFO - jerry 成功登录学生平台
2016-06-24 18:19:30,501 - INFO - jerry 成功登录学生平台
2016-06-24 18:20:21,675 - INFO - jerry 成功登录学生平台
2016-06-24 18:21:44,068 - INFO - jerry 成功登录学生平台
2016-06-24 18:22:11,077 - INFO - jerry 成功登录学生平台
2016-06-24 18:24:32,490 - INFO - jerry 成功登录学生平台
2016-06-24 18:27:03,333 - INFO - jerry 成功登录学生平台
2016-06-24 18:29:24,697 - INFO - jerry 成功登录学生平台
2016-06-24 18:30:01,771 - INFO - jerry 成功登录学生平台
2016-06-24 18:31:01,233 - INFO - jerry 成功登录学生平台
2016-06-24 18:31:08,057 - INFO - jerry 学习了武功 九阴真经, 老湿 王重阳, 资产成功增加 300.00
2016-06-24 18:32:54,150 - INFO - jerry 成功登录学生平台
2016-06-24 18:33:05,198 - INFO - jerry 学习了武功 九阴真经, 老湿 王重阳, 资产成功增加 300.00
2016-06-24 18:34:22,928 - INFO - jerry 成功登录学生平台
2016-06-24 18:34:29,453 - INFO - jerry 学习了武功 九阴真经, 老湿 王重阳, 资产成功增加 300.00
2016-06-24 19:00:50,659 - INFO - 王重阳初次登录,密码已成功修改
2016-06-24 19:01:23,556 - INFO - 王重阳 登录成功
2016-06-24 19:01:28,028 - INFO - 王重阳 查看 代课 信息
2016-06-24 19:01:44,722 - INFO - 王重阳 查看 资产 信息
2016-06-24 19:04:14,065 - INFO - [ admin ]登录成功
2016-06-24 19:05:01,934 - INFO - 课程 弹指神通 添加成功, 老湿 黄药师, 操作员 admin
2016-06-24 19:06:37,284 - INFO - 课程 六脉神剑 添加成功, 老湿 段王爷, 操作员 admin
2016-06-24 19:07:01,043 - INFO - 课程 蛤蟆功 添加成功, 老湿 欧阳锋, 操作员 admin
2016-06-24 19:08:08,266 - INFO - 课程 降龙十八掌 添加成功, 老湿 洪七公, 操作员 admin
2016-06-24 19:09:34,429 - INFO - 老湿[ 杨过 ]被添加成功, 操作员[ admin ]
2016-06-24 19:10:09,710 - INFO - 课程 黯然销魂掌 添加成功, 老湿 杨过, 操作员 admin
2016-06-24 19:10:46,843 - INFO - 课程 打狗棍法 添加成功, 老湿 洪七公, 操作员 admin
2016-06-24 19:13:47,945 - INFO - sam 成功注册学生平台
2016-06-24 19:13:52,913 - INFO - sam 成功登录学生平台
2016-06-24 19:14:12,770 - INFO - 学生 sam 成功选课 降龙十八掌
2016-06-24 19:14:40,169 - INFO - sam 学习了武功 降龙十八掌, 老湿 洪七公, 资产成功增加 288.00
2016-06-24 19:22:09,981 - INFO - sam 成功登录学生平台
2016-06-24 19:22:24,530 - INFO - 学生 sam 成功选课 九阴真经
2016-06-24 19:22:36,254 - INFO - sam 学习了武功 九阴真经, 老湿 王重阳, 资产成功增加 300.00
2016-06-24 19:35:19,750 - INFO - sam 成功登录学生平台
2016-06-24 19:48:59,024 - INFO - sam 成功登录学生平台
2016-06-24 19:49:12,614 - INFO - 学生 sam(学号:stu3304)成功选课 蛤蟆功
2016-06-24 19:49:24,917 - INFO - sam(学号:stu3304) 学习了武功 蛤蟆功, 老湿 欧阳锋, 资产成功增加 258.00
2016-06-24 22:27:33,139 - INFO - sam 成功登录学生平台
2016-06-24 22:55:49,620 - INFO - jerry 成功登录学生平台
2016-06-24 22:56:50,189 - INFO - jerry 成功登录学生平台
2016-06-24 22:57:14,842 - INFO - jerry(学号:stu4203) 放弃充值,没有完成上课!
2016-06-24 22:58:53,977 - INFO - jerry 成功登录学生平台
2016-06-24 22:59:05,933 - INFO - jerry(学号:stu4203) 放弃充值,没有完成上课!
2016-06-24 22:59:56,485 - INFO - jerry 成功登录学生平台
2016-06-24 23:01:13,859 - INFO - jerry(学号:stu4203) 放弃充值,没有完成上课!
2016-06-24 23:04:08,487 - INFO - jerry 成功登录学生平台
2016-06-24 23:08:35,630 - INFO - jerry 成功登录学生平台
2016-06-24 23:09:32,697 - INFO - jerry 成功登录学生平台
2016-06-24 23:09:48,331 - INFO - jerry(学号:stu4203) 充值成功, 充值金额: 3000.00
2016-06-24 23:11:20,379 - INFO - jerry 成功登录学生平台
2016-06-24 23:12:04,019 - INFO - jerry 成功登录学生平台
2016-06-24 23:12:10,146 - INFO - jerry(学号:stu4203) 学习了武功 九阴真经, 资产减少: 300.00 老湿 王重阳, 资产成功增加 300.00
2016-06-24 23:13:30,507 - INFO - sam 成功登录学生平台
2016-06-24 23:13:49,240 - INFO - sam(学号:stu3304) 充值成功, 充值金额: 3000.00
2016-06-24 23:42:15,520 - INFO - jerry 成功登录学生平台
2016-06-24 23:42:39,926 - INFO - jerry 成功登录学生平台
2016-06-24 23:42:51,406 - INFO - jerry(学号:stu4203) 学习了武功 九阴真经, 资产减少: 300.00 老湿 王重阳, 资产成功增加 300.00
2016-06-24 23:45:08,805 - INFO - jerry 成功登录学生平台
2016-06-24 23:45:21,476 - INFO - jerry(学号:stu4203) 学习了武功 九阴真经, 资产减少: 300.00 老湿 王重阳, 资产成功增加 300.00
2016-06-24 23:46:21,445 - INFO - eric 成功注册学生平台
2016-06-24 23:46:51,670 - INFO - eric 成功登录学生平台
2016-06-24 23:47:10,975 - INFO - 学生 eric(学号:stu3132)成功选课 六脉神剑
2016-06-24 23:47:55,936 - INFO - eric(学号:stu3132) 学习了武功 六脉神剑, 资产减少: 268.00 老湿 段王爷, 资产成功增加 268.00
2016-06-25 00:01:27,555 - INFO - sam 成功登录学生平台
2016-06-25 00:03:03,966 - INFO - sam 成功登录学生平台
2016-06-25 00:03:24,513 - INFO - [ admin ]登录成功
